2024-11-06 12:54:01,563 [main] INFO  ca.jrvs.apps.stockquote.util.DatabaseConnectionManager - Connection created successfully
2024-11-06 12:54:01,763 [main] INFO  ca.jrvs.apps.stockquote.controller.StockQuoteController - Controller initialized successfully.
2024-11-06 12:54:05,155 [main] ERROR ca.jrvs.apps.stockquote.controller.StockQuoteController - Cannot invoke "java.lang.Iterable.iterator()" because "allPositions" is null
2024-11-06 12:54:10,282 [main] INFO  ca.jrvs.apps.stockquote.service.QuoteService - Quote info successfully fetched from API.
2024-11-06 12:54:34,298 [main] INFO  ca.jrvs.apps.stockquote.service.QuoteService - Quote info successfully fetched from API.
2024-11-06 12:54:34,311 [main] INFO  ca.jrvs.apps.stockquote.dao.PositionDAO - Position MSFT updated.
2024-11-06 12:54:34,312 [main] INFO  ca.jrvs.apps.stockquote.dao.PositionDAO - No position MSFT found in database.
2024-11-06 12:54:34,312 [main] INFO  ca.jrvs.apps.stockquote.service.PositionService - New Position successfully created and saved to database.
2024-11-06 12:54:34,314 [main] INFO  ca.jrvs.apps.stockquote.dao.QuoteDAO - New quote MSFT saved to database.
2024-11-06 12:54:34,317 [main] INFO  ca.jrvs.apps.stockquote.controller.StockQuoteController - Position bought.
2024-11-06 12:57:01,122 [main] INFO  ca.jrvs.apps.stockquote.util.DatabaseConnectionManager - Connection created successfully
2024-11-06 12:57:01,369 [main] INFO  ca.jrvs.apps.stockquote.controller.StockQuoteController - Controller initialized successfully.
2024-11-06 12:57:04,434 [main] ERROR ca.jrvs.apps.stockquote.controller.StockQuoteController - Cannot invoke "java.lang.Iterable.iterator()" because "allPositions" is null
2024-11-06 12:57:10,316 [main] INFO  ca.jrvs.apps.stockquote.controller.StockQuoteController - App exited successfully.
2024-11-06 12:59:46,635 [main] INFO  ca.jrvs.apps.stockquote.util.DatabaseConnectionManager - Connection created successfully
2024-11-06 12:59:46,831 [main] INFO  ca.jrvs.apps.stockquote.controller.StockQuoteController - Controller initialized successfully.
2024-11-06 12:59:49,540 [main] ERROR ca.jrvs.apps.stockquote.controller.StockQuoteController - Cannot invoke "java.lang.Iterable.iterator()" because "allPositions" is null
2024-11-06 12:59:52,797 [main] INFO  ca.jrvs.apps.stockquote.controller.StockQuoteController - App exited successfully.
2024-11-06 13:15:12,343 [main] INFO  ca.jrvs.apps.stockquote.util.DatabaseConnectionManager - Connection created successfully
2024-11-06 13:15:12,536 [main] INFO  ca.jrvs.apps.stockquote.controller.StockQuoteController - Controller initialized successfully.
2024-11-06 13:15:19,658 [main] INFO  ca.jrvs.apps.stockquote.service.QuoteService - Quote info successfully fetched from API.
2024-11-06 13:15:26,037 [main] INFO  ca.jrvs.apps.stockquote.dao.QuoteDAO - Quote MSFT updated.
2024-11-06 13:15:26,161 [main] INFO  ca.jrvs.apps.stockquote.service.QuoteService - Quote info successfully fetched from API.
2024-11-06 13:15:26,164 [main] INFO  ca.jrvs.apps.stockquote.dao.PositionDAO - New position MSFT saved to database.
2024-11-06 13:15:26,165 [main] INFO  ca.jrvs.apps.stockquote.service.PositionService - New Position MSFT successfully created and saved to database.
2024-11-06 13:15:26,167 [main] INFO  ca.jrvs.apps.stockquote.controller.StockQuoteController - Position bought.
2024-11-06 13:15:48,349 [main] INFO  ca.jrvs.apps.stockquote.service.QuoteService - Quote info successfully fetched from API.
2024-11-06 13:15:55,069 [main] INFO  ca.jrvs.apps.stockquote.controller.StockQuoteController - App exited successfully.
