2024-11-08 17:57:03,356 [main] ERROR ca.jrvs.apps.stockquote.controller.StockQuoteController - API calls limit exceeded: com.fasterxml.jackson.databind.exc.MismatchedInputException: Root name ('message') does not match expected ('Global Quote') for type `ca.jrvs.apps.stockquote.model.Quote`
 at [Source: REDACTED (`StreamReadFeature.INCLUDE_SOURCE_IN_LOCATION` disabled); line: 1, column: 2] (through reference chain: ca.jrvs.apps.stockquote.model.Quote["message"])
2024-11-08 17:59:45,005 [main] INFO  ca.jrvs.apps.stockquote.service.QuoteService - Quote info successfully fetched from API.
2024-11-08 17:59:46,324 [main] ERROR ca.jrvs.apps.stockquote.controller.StockQuoteController - null
2024-11-08 17:59:51,785 [main] INFO  ca.jrvs.apps.stockquote.service.QuoteService - Quote info successfully fetched from API.
2024-11-08 17:59:51,785 [main] ERROR ca.jrvs.apps.stockquote.service.QuoteService - Invalid ticker given for API call: null
java.lang.NullPointerException
	at java.base/java.util.Objects.requireNonNull(Objects.java:220)
	at java.base/java.util.Optional.of(Optional.java:113)
	at ca.jrvs.apps.stockquote.service.QuoteService.fetchQuoteDataFromAPI(QuoteService.java:31)
	at ca.jrvs.apps.stockquote.controller.StockQuoteController.buyStock(StockQuoteController.java:128)
	at ca.jrvs.apps.stockquote.controller.StockQuoteController.displayChoices(StockQuoteController.java:57)
	at ca.jrvs.apps.stockquote.controller.StockQuoteController.buyStock(StockQuoteController.java:143)
	at ca.jrvs.apps.stockquote.controller.StockQuoteController.displayChoices(StockQuoteController.java:57)
	at ca.jrvs.apps.stockquote.controller.StockQuoteController.buyStock(StockQuoteController.java:147)
	at ca.jrvs.apps.stockquote.controller.StockQuoteController.displayChoices(StockQuoteController.java:57)
	at ca.jrvs.apps.stockquote.controller.StockQuoteController.buyStock(StockQuoteController.java:143)
	at ca.jrvs.apps.stockquote.controller.StockQuoteController.displayChoices(StockQuoteController.java:57)
	at ca.jrvs.apps.stockquote.controller.StockQuoteController.listAllPositions(StockQuoteController.java:106)
	at ca.jrvs.apps.stockquote.controller.StockQuoteController.displayChoices(StockQuoteController.java:55)
	at ca.jrvs.apps.stockquote.controller.StockQuoteController.initClient(StockQuoteController.java:36)
	at ca.jrvs.apps.stockquote.Main.main(Main.java:66)
2024-11-08 17:59:51,786 [main] ERROR ca.jrvs.apps.stockquote.controller.StockQuoteController - API calls limit exceeded: java.lang.NullPointerException
2024-11-08 18:00:05,863 [main] INFO  ca.jrvs.apps.stockquote.service.QuoteService - Quote info successfully fetched from API.
2024-11-08 18:00:08,153 [main] INFO  ca.jrvs.apps.stockquote.dao.QuoteDAO - Quote Q updated.
2024-11-08 18:00:08,428 [main] INFO  ca.jrvs.apps.stockquote.service.QuoteService - Quote info successfully fetched from API.
2024-11-08 18:00:08,428 [main] ERROR ca.jrvs.apps.stockquote.service.PositionService - Invalid input for numberOfShares: class java.lang.IllegalArgumentException
2024-11-08 18:00:08,428 [main] ERROR ca.jrvs.apps.stockquote.controller.StockQuoteController - API calls limit exceeded: null
2024-11-08 18:00:23,618 [main] INFO  ca.jrvs.apps.stockquote.service.QuoteService - Quote info successfully fetched from API.
2024-11-08 18:00:23,887 [main] INFO  ca.jrvs.apps.stockquote.service.QuoteService - Quote info successfully fetched from API.
2024-11-08 18:00:30,988 [main] INFO  ca.jrvs.apps.stockquote.dao.PositionDAO - No position q found in database.
2024-11-08 18:00:30,988 [main] ERROR ca.jrvs.apps.stockquote.controller.StockQuoteController - 
 Invalid input. There is no record for the ticker provided.
2024-11-08 18:00:34,939 [main] INFO  ca.jrvs.apps.stockquote.dao.PositionDAO - No position 3 found in database.
2024-11-08 18:00:34,940 [main] ERROR ca.jrvs.apps.stockquote.controller.StockQuoteController - 
 Invalid input. There is no record for the ticker provided.
2024-11-08 18:00:45,453 [main] ERROR ca.jrvs.apps.stockquote.controller.StockQuoteController - Invalid input: non-integer value.
2024-11-08 18:00:55,638 [main] INFO  ca.jrvs.apps.stockquote.controller.StockQuoteController - App exited successfully.
2024-11-08 19:05:58,337 [main] ERROR ca.jrvs.apps.stockquote.Main - Connection to localhost:5432 refused. Check that the hostname and port are correct and that the postmaster is accepting TCP/IP connections.
org.postgresql.util.PSQLException: Connection to localhost:5432 refused. Check that the hostname and port are correct and that the postmaster is accepting TCP/IP connections.
	at org.postgresql.core.v3.ConnectionFactoryImpl.openConnectionImpl(ConnectionFactoryImpl.java:346)
	at org.postgresql.core.ConnectionFactory.openConnection(ConnectionFactory.java:54)
	at org.postgresql.jdbc.PgConnection.<init>(PgConnection.java:273)
	at org.postgresql.Driver.makeConnection(Driver.java:446)
	at org.postgresql.Driver.connect(Driver.java:298)
	at java.sql/java.sql.DriverManager.getConnection(DriverManager.java:682)
	at java.sql/java.sql.DriverManager.getConnection(DriverManager.java:191)
	at ca.jrvs.apps.stockquote.util.DatabaseConnectionManager.getConnection(DatabaseConnectionManager.java:25)
	at ca.jrvs.apps.stockquote.Main.main(Main.java:58)
Caused by: java.net.ConnectException: Connection refused
	at java.base/sun.nio.ch.Net.pollConnect(Native Method)
	at java.base/sun.nio.ch.Net.pollConnectNow(Net.java:682)
	at java.base/sun.nio.ch.NioSocketImpl.timedFinishConnect(NioSocketImpl.java:542)
	at java.base/sun.nio.ch.NioSocketImpl.connect(NioSocketImpl.java:592)
	at java.base/java.net.SocksSocketImpl.connect(SocksSocketImpl.java:327)
	at java.base/java.net.Socket.connect(Socket.java:752)
	at org.postgresql.core.PGStream.createSocket(PGStream.java:243)
	at org.postgresql.core.PGStream.<init>(PGStream.java:98)
	at org.postgresql.core.v3.ConnectionFactoryImpl.tryConnect(ConnectionFactoryImpl.java:136)
	at org.postgresql.core.v3.ConnectionFactoryImpl.openConnectionImpl(ConnectionFactoryImpl.java:262)
	... 8 more
2024-11-08 19:09:09,588 [main] INFO  ca.jrvs.apps.stockquote.util.DatabaseConnectionManager - Connection created successfully
2024-11-08 19:09:09,792 [main] INFO  ca.jrvs.apps.stockquote.controller.StockQuoteController - Controller initialized successfully.
2024-11-08 19:09:32,982 [main] INFO  ca.jrvs.apps.stockquote.controller.StockQuoteController - App exited successfully.
2024-11-08 19:10:08,546 [main] INFO  ca.jrvs.apps.stockquote.util.DatabaseConnectionManager - Connection created successfully
2024-11-08 19:10:08,750 [main] INFO  ca.jrvs.apps.stockquote.controller.StockQuoteController - Controller initialized successfully.
2024-11-08 19:10:41,134 [main] INFO  ca.jrvs.apps.stockquote.service.QuoteService - Quote info successfully fetched from API.
2024-11-08 19:10:41,265 [main] INFO  ca.jrvs.apps.stockquote.service.QuoteService - Quote info successfully fetched from API.
2024-11-08 19:10:51,071 [main] INFO  ca.jrvs.apps.stockquote.controller.StockQuoteController - App exited successfully.
2024-11-08 19:11:08,230 [main] INFO  ca.jrvs.apps.stockquote.util.DatabaseConnectionManager - Connection created successfully
2024-11-08 19:11:08,393 [main] INFO  ca.jrvs.apps.stockquote.controller.StockQuoteController - Controller initialized successfully.
2024-11-08 19:11:15,519 [main] INFO  ca.jrvs.apps.stockquote.service.QuoteService - Quote info successfully fetched from API.
2024-11-08 19:11:15,648 [main] INFO  ca.jrvs.apps.stockquote.service.QuoteService - Quote info successfully fetched from API.
2024-11-08 19:11:18,043 [main] INFO  ca.jrvs.apps.stockquote.controller.StockQuoteController - App exited successfully.
2024-11-08 19:13:04,504 [main] INFO  ca.jrvs.apps.stockquote.util.DatabaseConnectionManager - Connection created successfully
2024-11-08 19:13:04,665 [main] INFO  ca.jrvs.apps.stockquote.controller.StockQuoteController - Controller initialized successfully.
2024-11-08 19:13:06,687 [main] INFO  ca.jrvs.apps.stockquote.controller.StockQuoteController - App exited successfully.
2024-11-08 19:13:20,746 [main] INFO  ca.jrvs.apps.stockquote.util.DatabaseConnectionManager - Connection created successfully
2024-11-08 19:13:20,908 [main] INFO  ca.jrvs.apps.stockquote.controller.StockQuoteController - Controller initialized successfully.
2024-11-08 19:13:26,234 [main] ERROR ca.jrvs.apps.stockquote.controller.StockQuoteController - Cannot invoke "java.lang.Iterable.iterator()" because "allPositions" is null
2024-11-08 19:13:28,397 [main] INFO  ca.jrvs.apps.stockquote.controller.StockQuoteController - App exited successfully.
2024-11-08 19:15:09,808 [main] INFO  ca.jrvs.apps.stockquote.util.DatabaseConnectionManager - Connection created successfully
2024-11-08 19:15:09,973 [main] INFO  ca.jrvs.apps.stockquote.controller.StockQuoteController - Controller initialized successfully.
2024-11-08 19:15:11,534 [main] INFO  ca.jrvs.apps.stockquote.controller.StockQuoteController - App exited successfully.
2024-11-08 19:15:16,532 [main] INFO  ca.jrvs.apps.stockquote.util.DatabaseConnectionManager - Connection created successfully
2024-11-08 19:15:16,696 [main] INFO  ca.jrvs.apps.stockquote.controller.StockQuoteController - Controller initialized successfully.
2024-11-08 19:15:19,221 [main] INFO  ca.jrvs.apps.stockquote.controller.StockQuoteController - App exited successfully.
2024-11-11 11:51:18,181 [main] INFO  ca.jrvs.apps.stockquote.util.DatabaseConnectionManager - Connection created successfully
2024-11-11 11:51:18,442 [main] INFO  ca.jrvs.apps.stockquote.controller.StockQuoteController - Controller initialized successfully.
2024-11-11 11:51:33,602 [main] INFO  ca.jrvs.apps.stockquote.controller.StockQuoteController - App exited successfully.
2024-11-11 11:56:13,110 [main] INFO  ca.jrvs.apps.stockquote.util.DatabaseConnectionManager - Connection created successfully
2024-11-11 11:56:13,275 [main] INFO  ca.jrvs.apps.stockquote.controller.StockQuoteController - Controller initialized successfully.
2024-11-11 11:58:03,183 [main] INFO  ca.jrvs.apps.stockquote.service.QuoteService - Quote info successfully fetched from API.
2024-11-11 11:58:05,632 [main] INFO  ca.jrvs.apps.stockquote.dao.QuoteDAO - New quote H saved to database.
2024-11-11 11:58:05,757 [main] INFO  ca.jrvs.apps.stockquote.service.QuoteService - Quote info successfully fetched from API.
2024-11-11 11:58:05,758 [main] INFO  ca.jrvs.apps.stockquote.service.PositionService - Position H bought successfully.
2024-11-11 11:58:05,763 [main] INFO  ca.jrvs.apps.stockquote.dao.PositionDAO - New position H saved to database.
2024-11-11 11:58:09,006 [main] INFO  ca.jrvs.apps.stockquote.service.QuoteService - Quote info successfully fetched from API.
2024-11-11 12:00:37,785 [main] INFO  ca.jrvs.apps.stockquote.controller.StockQuoteController - App exited successfully.
2024-11-11 12:01:27,015 [main] INFO  ca.jrvs.apps.stockquote.util.DatabaseConnectionManager - Connection created successfully
2024-11-11 12:01:27,176 [main] INFO  ca.jrvs.apps.stockquote.controller.StockQuoteController - Controller initialized successfully.
2024-11-11 13:22:44,778 [main] INFO  ca.jrvs.apps.stockquote.util.DatabaseConnectionManager - Connection created successfully
2024-11-11 13:22:44,955 [main] INFO  ca.jrvs.apps.stockquote.controller.StockQuoteController - Controller initialized successfully.
2024-11-11 13:22:46,922 [main] ERROR ca.jrvs.apps.stockquote.controller.StockQuoteController - Cannot invoke "java.lang.Iterable.iterator()" because "allPositions" is null
2024-11-11 13:22:54,594 [main] INFO  ca.jrvs.apps.stockquote.service.QuoteService - Quote info successfully fetched from API.
2024-11-11 13:23:04,887 [main] ERROR ca.jrvs.apps.stockquote.controller.StockQuoteController - null
2024-11-11 13:23:13,541 [main] INFO  ca.jrvs.apps.stockquote.service.QuoteService - Quote info successfully fetched from API.
2024-11-11 13:23:19,414 [main] INFO  ca.jrvs.apps.stockquote.dao.QuoteDAO - New quote H saved to database.
2024-11-11 13:23:19,499 [main] INFO  ca.jrvs.apps.stockquote.service.QuoteService - Quote info successfully fetched from API.
2024-11-11 13:23:19,499 [main] INFO  ca.jrvs.apps.stockquote.service.PositionService - Position H bought successfully.
2024-11-11 13:23:19,502 [main] INFO  ca.jrvs.apps.stockquote.dao.PositionDAO - New position H saved to database.
2024-11-11 13:23:27,105 [main] INFO  ca.jrvs.apps.stockquote.service.QuoteService - Quote info successfully fetched from API.
2024-11-11 13:23:38,742 [main] INFO  ca.jrvs.apps.stockquote.controller.StockQuoteController - App exited successfully.
2024-11-11 13:39:14,803 [main] INFO  ca.jrvs.apps.stockquote.util.DatabaseConnectionManager - Connection created successfully
2024-11-11 13:39:15,043 [main] INFO  ca.jrvs.apps.stockquote.controller.StockQuoteController - Controller initialized successfully.
2024-11-11 13:47:41,857 [main] INFO  ca.jrvs.apps.stockquote.controller.StockQuoteController - App exited successfully.
2024-11-11 14:07:34,471 [main] INFO  ca.jrvs.apps.stockquote.util.DatabaseConnectionManager - Connection created successfully
2024-11-11 14:07:34,726 [main] INFO  ca.jrvs.apps.stockquote.controller.StockQuoteController - Controller initialized successfully.
2024-11-11 14:07:42,673 [main] INFO  ca.jrvs.apps.stockquote.service.QuoteService - Quote info successfully fetched from API.
2024-11-11 14:07:52,239 [main] INFO  ca.jrvs.apps.stockquote.service.QuoteService - Quote info successfully fetched from API.
2024-11-11 14:07:57,624 [main] INFO  ca.jrvs.apps.stockquote.dao.QuoteDAO - New quote MSFT saved to database.
2024-11-11 14:07:57,725 [main] INFO  ca.jrvs.apps.stockquote.service.QuoteService - Quote info successfully fetched from API.
2024-11-11 14:07:57,725 [main] INFO  ca.jrvs.apps.stockquote.service.PositionService - Position MSFT bought successfully.
2024-11-11 14:07:57,728 [main] INFO  ca.jrvs.apps.stockquote.dao.PositionDAO - New position MSFT saved to database.
2024-11-11 14:08:08,619 [main] INFO  ca.jrvs.apps.stockquote.dao.PositionDAO - Position H deleted from database.
2024-11-11 14:08:08,629 [main] INFO  ca.jrvs.apps.stockquote.dao.QuoteDAO - Quote H deleted from database.
2024-11-11 14:08:08,629 [main] INFO  ca.jrvs.apps.stockquote.service.PositionService - Position H sold successfully.
2024-11-11 14:08:23,179 [main] INFO  ca.jrvs.apps.stockquote.service.QuoteService - Quote info successfully fetched from API.
2024-11-11 14:08:46,287 [main] INFO  ca.jrvs.apps.stockquote.controller.StockQuoteController - App exited successfully.
2024-11-11 14:08:49,885 [main] INFO  ca.jrvs.apps.stockquote.util.DatabaseConnectionManager - Connection created successfully
2024-11-11 14:08:50,120 [main] INFO  ca.jrvs.apps.stockquote.controller.StockQuoteController - Controller initialized successfully.
2024-11-11 14:08:53,487 [main] ERROR ca.jrvs.apps.stockquote.controller.StockQuoteController - Invalid input: non-integer value.
2024-11-11 14:08:59,298 [main] INFO  ca.jrvs.apps.stockquote.service.QuoteService - Quote info successfully fetched from API.
2024-11-11 14:09:01,482 [main] INFO  ca.jrvs.apps.stockquote.controller.StockQuoteController - App exited successfully.
2024-11-11 14:09:16,693 [main] INFO  ca.jrvs.apps.stockquote.util.DatabaseConnectionManager - Connection created successfully
2024-11-11 14:09:16,924 [main] INFO  ca.jrvs.apps.stockquote.controller.StockQuoteController - Controller initialized successfully.
2024-11-11 14:09:22,415 [main] INFO  ca.jrvs.apps.stockquote.service.QuoteService - Quote info successfully fetched from API.
2024-11-11 14:10:11,532 [main] INFO  ca.jrvs.apps.stockquote.controller.StockQuoteController - App exited successfully.
2024-11-11 14:13:02,956 [main] INFO  ca.jrvs.apps.stockquote.util.DatabaseConnectionManager - Connection created successfully
2024-11-11 14:13:03,195 [main] INFO  ca.jrvs.apps.stockquote.controller.StockQuoteController - Controller initialized successfully.
2024-11-11 14:13:05,599 [main] INFO  ca.jrvs.apps.stockquote.service.QuoteService - Quote info successfully fetched from API.
2024-11-11 14:16:32,280 [main] INFO  ca.jrvs.apps.stockquote.service.QuoteService - Quote info successfully fetched from API.
2024-11-11 14:16:34,457 [main] INFO  ca.jrvs.apps.stockquote.dao.QuoteDAO - New quote H saved to database.
2024-11-11 14:16:34,564 [main] INFO  ca.jrvs.apps.stockquote.service.QuoteService - Quote info successfully fetched from API.
2024-11-11 14:16:34,565 [main] INFO  ca.jrvs.apps.stockquote.service.PositionService - Position H bought successfully.
2024-11-11 14:16:34,570 [main] INFO  ca.jrvs.apps.stockquote.dao.PositionDAO - New position H saved to database.
2024-11-11 14:16:41,958 [main] INFO  ca.jrvs.apps.stockquote.service.QuoteService - Quote info successfully fetched from API.
2024-11-11 14:16:43,349 [main] INFO  ca.jrvs.apps.stockquote.dao.QuoteDAO - New quote MSF saved to database.
2024-11-11 14:16:43,431 [main] INFO  ca.jrvs.apps.stockquote.service.QuoteService - Quote info successfully fetched from API.
2024-11-11 14:16:43,431 [main] INFO  ca.jrvs.apps.stockquote.service.PositionService - Position MSF bought successfully.
2024-11-11 14:16:43,433 [main] INFO  ca.jrvs.apps.stockquote.dao.PositionDAO - New position MSF saved to database.
2024-11-11 14:16:44,808 [main] INFO  ca.jrvs.apps.stockquote.service.QuoteService - Quote info successfully fetched from API.
2024-11-11 14:16:44,848 [main] ERROR ca.jrvs.apps.stockquote.dao.QuoteHttpHelper - API response error: Root name ('message') does not match expected ('Global Quote') for type `ca.jrvs.apps.stockquote.model.Quote`
 at [Source: REDACTED (`StreamReadFeature.INCLUDE_SOURCE_IN_LOCATION` disabled); line: 1, column: 2] (through reference chain: ca.jrvs.apps.stockquote.model.Quote["message"])
com.fasterxml.jackson.databind.exc.MismatchedInputException: Root name ('message') does not match expected ('Global Quote') for type `ca.jrvs.apps.stockquote.model.Quote`
 at [Source: REDACTED (`StreamReadFeature.INCLUDE_SOURCE_IN_LOCATION` disabled); line: 1, column: 2] (through reference chain: ca.jrvs.apps.stockquote.model.Quote["message"])
	at com.fasterxml.jackson.databind.exc.MismatchedInputException.from(MismatchedInputException.java:63)
	at com.fasterxml.jackson.databind.DeserializationContext.reportPropertyInputMismatch(DeserializationContext.java:1802)
	at com.fasterxml.jackson.databind.DeserializationContext.reportPropertyInputMismatch(DeserializationContext.java:1818)
	at com.fasterxml.jackson.databind.deser.DefaultDeserializationContext._unwrapAndDeserialize(DefaultDeserializationContext.java:367)
	at com.fasterxml.jackson.databind.deser.DefaultDeserializationContext.readRootValue(DefaultDeserializationContext.java:339)
	at com.fasterxml.jackson.databind.ObjectMapper._readMapAndClose(ObjectMapper.java:4917)
	at com.fasterxml.jackson.databind.ObjectMapper.readValue(ObjectMapper.java:3860)
	at com.fasterxml.jackson.databind.ObjectMapper.readValue(ObjectMapper.java:3828)
	at ca.jrvs.apps.stockquote.util.JsonParser.toObjectFromJson(JsonParser.java:47)
	at ca.jrvs.apps.stockquote.dao.QuoteHttpHelper.fetchQuoteInfo(QuoteHttpHelper.java:43)
	at ca.jrvs.apps.stockquote.service.QuoteService.fetchQuoteDataFromAPI(QuoteService.java:29)
	at ca.jrvs.apps.stockquote.controller.StockQuoteController.listAllPositions(StockQuoteController.java:92)
	at ca.jrvs.apps.stockquote.controller.StockQuoteController.displayChoices(StockQuoteController.java:55)
	at ca.jrvs.apps.stockquote.controller.StockQuoteController.buyStock(StockQuoteController.java:149)
	at ca.jrvs.apps.stockquote.controller.StockQuoteController.displayChoices(StockQuoteController.java:57)
	at ca.jrvs.apps.stockquote.controller.StockQuoteController.buyStock(StockQuoteController.java:149)
	at ca.jrvs.apps.stockquote.controller.StockQuoteController.displayChoices(StockQuoteController.java:57)
	at ca.jrvs.apps.stockquote.controller.StockQuoteController.listAllPositions(StockQuoteController.java:106)
	at ca.jrvs.apps.stockquote.controller.StockQuoteController.displayChoices(StockQuoteController.java:55)
	at ca.jrvs.apps.stockquote.controller.StockQuoteController.initClient(StockQuoteController.java:36)
	at ca.jrvs.apps.stockquote.Main.main(Main.java:66)
2024-11-11 14:16:44,851 [main] ERROR ca.jrvs.apps.stockquote.controller.StockQuoteController - API calls limit reached: com.fasterxml.jackson.databind.exc.MismatchedInputException: Root name ('message') does not match expected ('Global Quote') for type `ca.jrvs.apps.stockquote.model.Quote`
 at [Source: REDACTED (`StreamReadFeature.INCLUDE_SOURCE_IN_LOCATION` disabled); line: 1, column: 2] (through reference chain: ca.jrvs.apps.stockquote.model.Quote["message"])
2024-11-11 14:17:39,061 [main] INFO  ca.jrvs.apps.stockquote.service.QuoteService - Quote info successfully fetched from API.
2024-11-11 14:17:41,235 [main] INFO  ca.jrvs.apps.stockquote.dao.QuoteDAO - New quote L saved to database.
2024-11-11 14:17:41,322 [main] INFO  ca.jrvs.apps.stockquote.service.QuoteService - Quote info successfully fetched from API.
2024-11-11 14:17:41,322 [main] ERROR ca.jrvs.apps.stockquote.service.PositionService - Invalid input for numberOfShares: class java.lang.IllegalArgumentException
2024-11-11 14:17:41,322 [main] ERROR ca.jrvs.apps.stockquote.controller.StockQuoteController - API calls limit exceeded: null
2024-11-11 14:18:18,026 [main] INFO  ca.jrvs.apps.stockquote.controller.StockQuoteController - App exited successfully.
